<?xml version="1.0" encoding="UTF-8"?>
<!-- Generated by org.testng.reporters.JUnitXMLReporter -->
<testsuite ignored="2" hostname="LAPTOP-3I5RTLPO" failures="0" tests="1" name="EdgeTest" time="10.795" errors="0" timestamp="2025-03-10T14:48:54 IST">
  <testcase classname="testScript.AdminUserTest" name="verifyWhetherUserIsAbleToAddNewUserToTheUsersList" time="3.898"/>
  <testcase classname="testScript.AdminUserTest" name="verifyUserIsAbleToSearchNewlyAddedUsersInTheNewlyAddedUsersList" time="0.0">
    <ignored/>
  </testcase> <!-- verifyUserIsAbleToSearchNewlyAddedUsersInTheNewlyAddedUsersList -->
  <testcase classname="testScript.AdminUserTest" name="verifyUserIsAbleToRefreshNewlyAddedUserPageUsingTheResetButton" time="0.0">
    <ignored/>
  </testcase> <!-- verifyUserIsAbleToRefreshNewlyAddedUserPageUsingTheResetButton -->
</testsuite> <!-- EdgeTest -->
