<?xml version="1.0" encoding="UTF-8"?>
<!-- Generated by org.testng.reporters.JUnitXMLReporter -->
<testsuite ignored="2" hostname="LAPTOP-3I5RTLPO" failures="0" tests="1" name="Default test" time="5.879" errors="0" timestamp="2025-03-04T16:17:42 IST">
  <testcase classname="testScript.SubCategoryTest" name="verifyWhetherUserIsAbleToaddNewItemToSubCategoryList" time="3.229"/>
  <testcase classname="testScript.SubCategoryTest" name="verifyWhetherUserIsAbleTosearchItemsInTheSubCategoryList" time="0.0">
    <ignored/>
  </testcase> <!-- verifyWhetherUserIsAbleTosearchItemsInTheSubCategoryList -->
  <testcase classname="testScript.SubCategoryTest" name="verifyWhetherUserIsAbleTorefreshPageUsingResetButton" time="0.0">
    <ignored/>
  </testcase> <!-- verifyWhetherUserIsAbleTorefreshPageUsingResetButton -->
</testsuite> <!-- Default test -->
