<?xml version="1.0" encoding="UTF-8"?>
<!-- Generated by org.testng.reporters.JUnitXMLReporter -->
<testsuite ignored="2" hostname="LAPTOP-3I5RTLPO" failures="0" tests="1" name="Default test" time="4.736" errors="0" timestamp="2025-03-03T13:21:19 IST">
  <testcase classname="testScript.SubCategoryTest" name="addNewItemToSubCategoryList" time="2.451"/>
  <testcase classname="testScript.SubCategoryTest" name="searchItemsInTheSubCategoryList" time="0.0">
    <ignored/>
  </testcase> <!-- searchItemsInTheSubCategoryList -->
  <testcase classname="testScript.SubCategoryTest" name="refreshPageUsingResetButton" time="0.0">
    <ignored/>
  </testcase> <!-- refreshPageUsingResetButton -->
</testsuite> <!-- Default test -->
