<?xml version="1.0" encoding="UTF-8"?>
<!-- Generated by org.testng.reporters.JUnitXMLReporter -->
<testsuite ignored="0" hostname="LAPTOP-3I5RTLPO" failures="0" tests="7" name="Test" time="22.829" errors="0" timestamp="2025-03-11T14:36:24 IST">
  <testcase classname="testScript.LoginTest" name="verifyUserLoginWithValidUsernameAndValidPassword" time="2.271"/>
  <testcase classname="testScript.AdminUserTest" name="verifyUserIsAbleToRefreshNewlyAddedUserPageUsingTheResetButton" time="4.416"/>
  <testcase classname="testScript.LoginTest" name="verifyUserLoginWithValidUsernameAndInvalidPassword" time="1.134"/>
  <testcase classname="testScript.LoginTest" name="verifyUserLoginWithInvalidUsernameAndValidPassword" time="1.221"/>
  <testcase classname="testScript.AdminUserTest" name="verifyUserIsAbleToSearchNewlyAddedUsersInTheNewlyAddedUsersList" time="4.55"/>
  <testcase classname="testScript.LoginTest" name="verifyUserLoginWithInvalidUsernameAndInvalidPassword" time="1.321"/>
  <testcase classname="testScript.AdminUserTest" name="verifyWhetherUserIsAbleToAddNewUserToTheUsersList" time="3.918"/>
</testsuite> <!-- Test -->
