<?xml version="1.0" encoding="UTF-8"?>
<!-- Generated by org.testng.reporters.JUnitXMLReporter -->
<testsuite ignored="2" hostname="LAPTOP-3I5RTLPO" failures="0" tests="1" name="ChromeTest" time="26.356" errors="0" timestamp="2025-03-14T14:21:24 IST">
  <testcase classname="testScript.AdminUserTest" name="verifyWhetherUserIsAbleToAddNewUserToTheUsersList" time="8.424"/>
  <testcase classname="testScript.AdminUserTest" name="verifyUserIsAbleToSearchNewlyAddedUsersInTheNewlyAddedUsersList" time="0.0">
    <ignored/>
  </testcase> <!-- verifyUserIsAbleToSearchNewlyAddedUsersInTheNewlyAddedUsersList -->
  <testcase classname="testScript.AdminUserTest" name="verifyUserIsAbleToRefreshNewlyAddedUserPageUsingTheResetButton" time="0.0">
    <ignored/>
  </testcase> <!-- verifyUserIsAbleToRefreshNewlyAddedUserPageUsingTheResetButton -->
</testsuite> <!-- ChromeTest -->
