<?xml version="1.0" encoding="UTF-8"?>
<testng-results ignored="0" total="1" passed="1" failed="0" skipped="0">
  <reporter-output>
  </reporter-output>
  <suite started-at="2025-02-28T14:18:06 IST" name="Default suite" finished-at="2025-02-28T14:18:12 IST" duration-ms="6335">
    <groups>
    </groups>
    <test started-at="2025-02-28T14:18:06 IST" name="Default test" finished-at="2025-02-28T14:18:12 IST" duration-ms="6335">
      <class name="testScript.ManageNewsTest">
        <test-method is-config="true" signature="intializeBrowser()[pri:0, instance:testScript.ManageNewsTest@f78a47e]" started-at="2025-02-28T14:18:06 IST" name="intializeBrowser" finished-at="2025-02-28T14:18:09 IST" duration-ms="3436" status="PASS">
          <reporter-output>
          </reporter-output>
        </test-method> <!-- intializeBrowser -->
        <test-method signature="createNewNewsInManageNews()[pri:0, instance:testScript.ManageNewsTest@f78a47e]" started-at="2025-02-28T14:18:09 IST" name="createNewNewsInManageNews" finished-at="2025-02-28T14:18:12 IST" duration-ms="2656" status="PASS">
          <reporter-output>
          </reporter-output>
        </test-method> <!-- createNewNewsInManageNews -->
        <test-method is-config="true" signature="diverquit()[pri:0, instance:testScript.ManageNewsTest@f78a47e]" started-at="2025-02-28T14:18:12 IST" name="diverquit" finished-at="2025-02-28T14:18:12 IST" duration-ms="195" status="PASS">
          <reporter-output>
          </reporter-output>
        </test-method> <!-- diverquit -->
      </class> <!-- testScript.ManageNewsTest -->
    </test> <!-- Default test -->
  </suite> <!-- Default suite -->
</testng-results>
